#
# There is insufficient memory for the Java Runtime Environment to continue.
# Native memory allocation (malloc) failed to allocate 965776 bytes for Chunk::new
# Possible reasons:
#   The system is out of physical RAM or swap space
#   In 32 bit mode, the process size limit was hit
# Possible solutions:
#   Reduce memory load on the system
#   Increase physical memory or swap space
#   Check if swap backing store is full
#   Use 64 bit Java on a 64 bit OS
#   Decrease Java heap size (-Xmx/-Xms)
#   Decrease number of Java threads
#   Decrease Java thread stack sizes (-Xss)
#   Set larger code cache with -XX:ReservedCodeCacheSize=
# This output file may be truncated or incomplete.
#
#  Out of Memory Error (allocation.cpp:390), pid=9788, tid=5576
#
# JRE version: Java(TM) SE Runtime Environment (8.0_45-b15) (build 1.8.0_45-b15)
# Java VM: Java HotSpot(TM) 64-Bit Server VM (25.45-b02 mixed mode windows-amd64 compressed oops)
# Failed to write core dump. Minidumps are not enabled by default on client versions of Windows
#

---------------  T H R E A D  ---------------

Current thread (0x0000000014f71800):  JavaThread "C2 CompilerThread0" daemon [_thread_in_native, id=5576, stack(0x00000000164e0000,0x00000000165e0000)]

Stack: [0x00000000164e0000,0x00000000165e0000]
[error occurred during error reporting (printing stack bounds), id 0xc0000005]

Native frames: (J=compiled Java code, j=interpreted, Vv=VM code, C=native code)
V  [jvm.dll+0x32b57a]
V  [jvm.dll+0x279873]
V  [jvm.dll+0x27a509]
V  [jvm.dll+0x2934e6]
V  [jvm.dll+0x297e0c]
V  [jvm.dll+0x5ca86f]
C  [msvcr100.dll+0x712e3]
V  [jvm.dll+0x5c9f6d]
C  [ntdll.dll+0x9666d]
C  [ntdll.dll+0x13c00]
C  [ntdll.dll+0x9577a]
V  [jvm.dll+0x21bcd1]


Current CompileTask:
C2:   4115 2560       4       com.android.dex.EncodedValueReader::skipValue (348 bytes)


---------------  P R O C E S S  ---------------

Java Threads: ( => current thread )
  0x0000000014fce800 JavaThread "Service Thread" daemon [_thread_blocked, id=8880, stack(0x0000000016be0000,0x0000000016ce0000)]
  0x0000000014f84000 JavaThread "C1 CompilerThread2" daemon [_thread_blocked, id=2956, stack(0x00000000166e0000,0x00000000167e0000)]
  0x0000000014f75000 JavaThread "C2 CompilerThread1" daemon [_thread_in_native, id=3064, stack(0x00000000165e0000,0x00000000166e0000)]
=>0x0000000014f71800 JavaThread "C2 CompilerThread0" daemon [_thread_in_native, id=5576, stack(0x00000000164e0000,0x00000000165e0000)]
  0x0000000014f6e000 JavaThread "Attach Listener" daemon [_thread_blocked, id=1696, stack(0x00000000163e0000,0x00000000164e0000)]
  0x0000000014f6c800 JavaThread "Signal Dispatcher" daemon [_thread_blocked, id=8752, stack(0x00000000162e0000,0x00000000163e0000)]
  0x0000000002899800 JavaThread "Finalizer" daemon [_thread_blocked, id=9480, stack(0x00000000161e0000,0x00000000162e0000)]
  0x0000000002891800 JavaThread "Reference Handler" daemon [_thread_blocked, id=10900, stack(0x00000000160e0000,0x00000000161e0000)]
  0x00000000027a3800 JavaThread "main" [_thread_in_vm, id=7964, stack(0x00000000025a0000,0x00000000026a0000)]

Other Threads:
  0x0000000014f37000 VMThread [stack: 0x0000000015fe0000,0x00000000160e0000] [id=2396]
  0x0000000016809800 WatcherThread [stack: 0x0000000016ce0000,0x0000000016de0000] [id=1456]

VM state:not at safepoint (normal execution)

VM Mutex/Monitor currently owned by a thread: None

Heap:
 PSYoungGen      total 71680K, used 42230K [0x00000000eab00000, 0x00000000f3700000, 0x0000000100000000)
  eden space 66560K, 55% used [0x00000000eab00000,0x00000000ecf418a0,0x00000000eec00000)
  from space 5120K, 99% used [0x00000000eec00000,0x00000000ef0fc258,0x00000000ef100000)
  to   space 5120K, 0% used [0x00000000f3200000,0x00000000f3200000,0x00000000f3700000)
 ParOldGen       total 87552K, used 36456K [0x00000000c0000000, 0x00000000c5580000, 0x00000000eab00000)
  object space 87552K, 41% used [0x00000000c0000000,0x00000000c239a280,0x00000000c5580000)
 Metaspace       used 7323K, capacity 7864K, committed 8192K, reserved 1056768K
  class space    used 674K, capacity 688K, committed 768K, reserved 1048576K

Card table byte_map: [0x0000000011c60000,0x0000000011e70000] byte_map_base: 0x0000000011660000

Marking Bits: (ParMarkBitMap*) 0x000000005bfa4040
 Begin Bits: [0x00000000123d0000, 0x00000000133d0000)
 End Bits:   [0x00000000133d0000, 0x00000000143d0000)

Polling page: 0x0000000000e60000

CodeCache: size=245760Kb used=10076Kb max_used=10076Kb free=235683Kb
 bounds [0x00000000028a0000, 0x0000000003290000, 0x00000000118a0000]
 total_blobs=2852 nmethods=2573 adapters=191
 compilation: enabled

Compilation events (10 events):
Event: 4.076 Thread 0x0000000014f84000 2574       3       com.android.dx.merge.DexMerger$7::updateIndex (16 bytes)
Event: 4.077 Thread 0x0000000014f84000 nmethod 2574 0x0000000003274890 code [0x0000000003274a60, 0x0000000003275318]
Event: 4.077 Thread 0x0000000014f84000 2575       3       com.android.dx.merge.DexMerger$7::write (9 bytes)
Event: 4.078 Thread 0x0000000014f84000 nmethod 2575 0x00000000032738d0 code [0x0000000003273aa0, 0x0000000003274398]
Event: 4.078 Thread 0x0000000014f84000 2576       3       com.android.dx.merge.DexMerger$7::write (12 bytes)
Event: 4.078 Thread 0x0000000014f84000 nmethod 2576 0x0000000003279890 code [0x0000000003279a40, 0x000000000327a1d8]
Event: 4.078 Thread 0x0000000014f84000 2577       3       com.android.dex.Annotation::writeTo (17 bytes)
Event: 4.079 Thread 0x0000000014f84000 nmethod 2577 0x000000000327a5d0 code [0x000000000327a780, 0x000000000327ae18]
Event: 4.079 Thread 0x0000000014f84000 2578       3       com.android.dex.EncodedValue::writeTo (9 bytes)
Event: 4.079 Thread 0x0000000014f84000 nmethod 2578 0x000000000327b0d0 code [0x000000000327b240, 0x000000000327b628]

GC Heap History (6 events):
Event: 1.106 GC heap before
{Heap before GC invocations=1 (full 0):
 PSYoungGen      total 38400K, used 33280K [0x00000000eab00000, 0x00000000ed580000, 0x0000000100000000)
  eden space 33280K, 100% used [0x00000000eab00000,0x00000000ecb80000,0x00000000ecb80000)
  from space 5120K, 0% used [0x00000000ed080000,0x00000000ed080000,0x00000000ed580000)
  to   space 5120K, 0% used [0x00000000ecb80000,0x00000000ecb80000,0x00000000ed080000)
 ParOldGen       total 87552K, used 0K [0x00000000c0000000, 0x00000000c5580000, 0x00000000eab00000)
  object space 87552K, 0% used [0x00000000c0000000,0x00000000c0000000,0x00000000c5580000)
 Metaspace       used 5902K, capacity 6960K, committed 7040K, reserved 1056768K
  class space    used 586K, capacity 616K, committed 640K, reserved 1048576K
Event: 1.126 GC heap after
Heap after GC invocations=1 (full 0):
 PSYoungGen      total 38400K, used 5111K [0x00000000eab00000, 0x00000000ef600000, 0x0000000100000000)
  eden space 33280K, 0% used [0x00000000eab00000,0x00000000eab00000,0x00000000ecb80000)
  from space 5120K, 99% used [0x00000000ecb80000,0x00000000ed07dc40,0x00000000ed080000)
  to   space 5120K, 0% used [0x00000000ef100000,0x00000000ef100000,0x00000000ef600000)
 ParOldGen       total 87552K, used 2473K [0x00000000c0000000, 0x00000000c5580000, 0x00000000eab00000)
  object space 87552K, 2% used [0x00000000c0000000,0x00000000c026a7a0,0x00000000c5580000)
 Metaspace       used 5902K, capacity 6960K, committed 7040K, reserved 1056768K
  class space    used 586K, capacity 616K, committed 640K, reserved 1048576K
}
Event: 2.141 GC heap before
{Heap before GC invocations=2 (full 0):
 PSYoungGen      total 38400K, used 38391K [0x00000000eab00000, 0x00000000ef600000, 0x0000000100000000)
  eden space 33280K, 100% used [0x00000000eab00000,0x00000000ecb80000,0x00000000ecb80000)
  from space 5120K, 99% used [0x00000000ecb80000,0x00000000ed07dc40,0x00000000ed080000)
  to   space 5120K, 0% used [0x00000000ef100000,0x00000000ef100000,0x00000000ef600000)
 ParOldGen       total 87552K, used 2473K [0x00000000c0000000, 0x00000000c5580000, 0x00000000eab00000)
  object space 87552K, 2% used [0x00000000c0000000,0x00000000c026a7a0,0x00000000c5580000)
 Metaspace       used 6207K, capacity 7152K, committed 7296K, reserved 1056768K
  class space    used 588K, capacity 616K, committed 640K, reserved 1048576K
Event: 2.157 GC heap after
Heap after GC invocations=2 (full 0):
 PSYoungGen      total 71680K, used 5088K [0x00000000eab00000, 0x00000000ef600000, 0x0000000100000000)
  eden space 66560K, 0% used [0x00000000eab00000,0x00000000eab00000,0x00000000eec00000)
  from space 5120K, 99% used [0x00000000ef100000,0x00000000ef5f8178,0x00000000ef600000)
  to   space 5120K, 0% used [0x00000000eec00000,0x00000000eec00000,0x00000000ef100000)
 ParOldGen       total 87552K, used 9535K [0x00000000c0000000, 0x00000000c5580000, 0x00000000eab00000)
  object space 87552K, 10% used [0x00000000c0000000,0x00000000c094fc70,0x00000000c5580000)
 Metaspace       used 6207K, capacity 7152K, committed 7296K, reserved 1056768K
  class space    used 588K, capacity 616K, committed 640K, reserved 1048576K
}
Event: 3.620 GC heap before
{Heap before GC invocations=3 (full 0):
 PSYoungGen      total 71680K, used 71648K [0x00000000eab00000, 0x00000000ef600000, 0x0000000100000000)
  eden space 66560K, 100% used [0x00000000eab00000,0x00000000eec00000,0x00000000eec00000)
  from space 5120K, 99% used [0x00000000ef100000,0x00000000ef5f8178,0x00000000ef600000)
  to   space 5120K, 0% used [0x00000000eec00000,0x00000000eec00000,0x00000000ef100000)
 ParOldGen       total 87552K, used 9535K [0x00000000c0000000, 0x00000000c5580000, 0x00000000eab00000)
  object space 87552K, 10% used [0x00000000c0000000,0x00000000c094fc70,0x00000000c5580000)
 Metaspace       used 7170K, capacity 7736K, committed 7936K, reserved 1056768K
  class space    used 664K, capacity 688K, committed 768K, reserved 1048576K
Event: 3.653 GC heap after
Heap after GC invocations=3 (full 0):
 PSYoungGen      total 71680K, used 5104K [0x00000000eab00000, 0x00000000f3700000, 0x0000000100000000)
  eden space 66560K, 0% used [0x00000000eab00000,0x00000000eab00000,0x00000000eec00000)
  from space 5120K, 99% used [0x00000000eec00000,0x00000000ef0fc258,0x00000000ef100000)
  to   space 5120K, 0% used [0x00000000f3200000,0x00000000f3200000,0x00000000f3700000)
 ParOldGen       total 87552K, used 36456K [0x00000000c0000000, 0x00000000c5580000, 0x00000000eab00000)
  object space 87552K, 41% used [0x00000000c0000000,0x00000000c239a280,0x00000000c5580000)
 Metaspace       used 7170K, capacity 7736K, committed 7936K, reserved 1056768K
  class space    used 664K, capacity 688K, committed 768K, reserved 1048576K
}

Deoptimization events (10 events):
Event: 3.972 Thread 0x00000000027a3800 Uncommon trap: reason=class_check action=maybe_recompile pc=0x00000000031cd334 method=com.android.dex.Leb128.readUnsignedLeb128(Lcom/android/dex/util/ByteInput;)I @ 5
Event: 3.972 Thread 0x00000000027a3800 Uncommon trap: reason=class_check action=maybe_recompile pc=0x00000000031cd334 method=com.android.dex.Leb128.readUnsignedLeb128(Lcom/android/dex/util/ByteInput;)I @ 5
Event: 3.973 Thread 0x00000000027a3800 Uncommon trap: reason=class_check action=maybe_recompile pc=0x00000000031cd334 method=com.android.dex.Leb128.readUnsignedLeb128(Lcom/android/dex/util/ByteInput;)I @ 5
Event: 3.973 Thread 0x00000000027a3800 Uncommon trap: reason=class_check action=maybe_recompile pc=0x00000000031cd334 method=com.android.dex.Leb128.readUnsignedLeb128(Lcom/android/dex/util/ByteInput;)I @ 5
Event: 3.983 Thread 0x00000000027a3800 Uncommon trap: reason=predicate action=maybe_recompile pc=0x0000000003267ce4 method=com.android.dex.Leb128.readUnsignedLeb128(Lcom/android/dex/util/ByteInput;)I @ 41
Event: 4.029 Thread 0x00000000027a3800 Uncommon trap: reason=class_check action=maybe_recompile pc=0x000000000320e69c method=com.android.dx.merge.DexMerger$IdMerger$UnsortedValue.compareTo(Lcom/android/dx/merge/DexMerger$IdMerger$UnsortedValue;)I @ 8
Event: 4.029 Thread 0x00000000027a3800 Uncommon trap: reason=class_check action=maybe_recompile pc=0x000000000320e69c method=com.android.dx.merge.DexMerger$IdMerger$UnsortedValue.compareTo(Lcom/android/dx/merge/DexMerger$IdMerger$UnsortedValue;)I @ 8
Event: 4.029 Thread 0x00000000027a3800 Uncommon trap: reason=class_check action=maybe_recompile pc=0x000000000320e69c method=com.android.dx.merge.DexMerger$IdMerger$UnsortedValue.compareTo(Lcom/android/dx/merge/DexMerger$IdMerger$UnsortedValue;)I @ 8
Event: 4.029 Thread 0x00000000027a3800 Uncommon trap: reason=class_check action=maybe_recompile pc=0x000000000320e69c method=com.android.dx.merge.DexMerger$IdMerger$UnsortedValue.compareTo(Lcom/android/dx/merge/DexMerger$IdMerger$UnsortedValue;)I @ 8
Event: 4.029 Thread 0x00000000027a3800 Uncommon trap: reason=class_check action=maybe_recompile pc=0x000000000321d378 method=com.android.dx.merge.DexMerger$IdMerger$UnsortedValue.compareTo(Lcom/android/dx/merge/DexMerger$IdMerger$UnsortedValue;)I @ 8

Internal exceptions (2 events):
Event: 0.072 Thread 0x00000000027a3800 Exception <a 'java/lang/NoSuchMethodError': Method sun.misc.Unsafe.defineClass(Ljava/lang/String;[BII)Ljava/lang/Class; name or signature does not match> (0x00000000eab12e38) thrown at [C:\re\workspace\8-2-build-windows-amd64-cygwin\jdk8u45\3627\hotspot\srô”GÝðn²?
Event: 0.072 Thread 0x00000000027a3800 Exception <a 'java/lang/NoSuchMethodError': Method sun.misc.Unsafe.prefetchRead(Ljava/lang/Object;J)V name or signature does not match> (0x00000000eab130c8) thrown at [C:\re\workspace\8-2-build-windows-amd64-cygwin\jdk8u45\3627\hotspot\src\share\vm\prims\j

Events (10 events):
Event: 4.029 Thread 0x00000000027a3800 DEOPT UNPACKING pc=0x00000000028e582a sp=0x000000000269efd0 mode 2
Event: 4.029 Thread 0x00000000027a3800 Uncommon trap: trap_request=0xffffffde fr.pc=0x000000000320e69c
Event: 4.029 Thread 0x00000000027a3800 DEOPT PACKING pc=0x000000000320e69c sp=0x000000000269f090
Event: 4.029 Thread 0x00000000027a3800 DEOPT UNPACKING pc=0x00000000028e582a sp=0x000000000269efd0 mode 2
Event: 4.029 Thread 0x00000000027a3800 Uncommon trap: trap_request=0xffffffde fr.pc=0x000000000320e69c
Event: 4.029 Thread 0x00000000027a3800 DEOPT PACKING pc=0x000000000320e69c sp=0x000000000269f090
Event: 4.029 Thread 0x00000000027a3800 DEOPT UNPACKING pc=0x00000000028e582a sp=0x000000000269efd0 mode 2
Event: 4.029 Thread 0x00000000027a3800 Uncommon trap: trap_request=0xffffffde fr.pc=0x000000000321d378
Event: 4.029 Thread 0x00000000027a3800 DEOPT PACKING pc=0x000000000321d378 sp=0x000000000269f010
Event: 4.029 Thread 0x00000000027a3800 DEOPT UNPACKING pc=0x00000000028e582a sp=0x000000000269efc0 mode 2


Dynamic libraries:
0x00007ff6fd520000 - 0x00007ff6fd557000 	C:\Program Files\Java\jdk1.8.0_45\bin\java.exe
0x00007ffe78d80000 - 0x00007ffe78f42000 	C:\WINDOWS\SYSTEM32\ntdll.dll
0x00007ffe78cd0000 - 0x00007ffe78d7d000 	C:\WINDOWS\system32\KERNEL32.DLL
0x00007ffe75ff0000 - 0x00007ffe761cd000 	C:\WINDOWS\system32\KERNELBASE.dll
0x00007ffe76670000 - 0x00007ffe76716000 	C:\WINDOWS\system32\ADVAPI32.dll
0x00007ffe76720000 - 0x00007ffe767bd000 	C:\WINDOWS\system32\msvcrt.dll
0x00007ffe78980000 - 0x00007ffe789db000 	C:\WINDOWS\system32\sechost.dll
0x00007ffe76a10000 - 0x00007ffe76b36000 	C:\WINDOWS\system32\RPCRT4.dll
0x00007ffe76880000 - 0x00007ffe769ce000 	C:\WINDOWS\system32\USER32.dll
0x00007ffe787f0000 - 0x00007ffe78976000 	C:\WINDOWS\system32\GDI32.dll
0x00007ffe70eb0000 - 0x00007ffe71124000 	C:\WINDOWS\WinSxS\amd64_microsoft.windows.common-controls_6595b64144ccf1df_6.0.10240.16384_none_f41f7b285750ef43\COMCTL32.dll
0x00007ffe769d0000 - 0x00007ffe76a06000 	C:\WINDOWS\system32\IMM32.DLL
0x00007ffe78690000 - 0x00007ffe787ec000 	C:\WINDOWS\system32\MSCTF.dll
0x000000005afe0000 - 0x000000005b0b2000 	C:\Program Files\Java\jdk1.8.0_45\jre\bin\msvcr100.dll
0x000000005b7a0000 - 0x000000005c023000 	C:\Program Files\Java\jdk1.8.0_45\jre\bin\server\jvm.dll
0x00007ffe78680000 - 0x00007ffe78688000 	C:\WINDOWS\system32\PSAPI.DLL
0x00007ffe70ea0000 - 0x00007ffe70eaa000 	C:\WINDOWS\SYSTEM32\VERSION.dll
0x00007ffe73930000 - 0x00007ffe73953000 	C:\WINDOWS\SYSTEM32\WINMM.dll
0x00007ffe69db0000 - 0x00007ffe69db9000 	C:\WINDOWS\SYSTEM32\WSOCK32.dll
0x00007ffe738d0000 - 0x00007ffe738fc000 	C:\WINDOWS\SYSTEM32\WINMMBASE.dll
0x00007ffe75fa0000 - 0x00007ffe75fe4000 	C:\WINDOWS\system32\cfgmgr32.dll
0x00007ffe74120000 - 0x00007ffe74147000 	C:\WINDOWS\SYSTEM32\DEVOBJ.dll
0x00007ffe76d90000 - 0x00007ffe76df9000 	C:\WINDOWS\system32\ws2_32.DLL
0x00007ffe76d20000 - 0x00007ffe76d28000 	C:\WINDOWS\system32\NSI.dll
0x000000005c480000 - 0x000000005c48f000 	C:\Program Files\Java\jdk1.8.0_45\jre\bin\verify.dll
0x000000005c450000 - 0x000000005c479000 	C:\Program Files\Java\jdk1.8.0_45\jre\bin\java.dll
0x000000005b780000 - 0x000000005b796000 	C:\Program Files\Java\jdk1.8.0_45\jre\bin\zip.dll
0x00007ffe76e00000 - 0x00007ffe78322000 	C:\WINDOWS\system32\SHELL32.dll
0x00007ffe75850000 - 0x00007ffe75e78000 	C:\WINDOWS\system32\windows.storage.dll
0x00007ffe78400000 - 0x00007ffe7867c000 	C:\WINDOWS\system32\combase.dll
0x00007ffe789e0000 - 0x00007ffe78a31000 	C:\WINDOWS\system32\shlwapi.dll
0x00007ffe75840000 - 0x00007ffe7584f000 	C:\WINDOWS\system32\kernel.appcore.dll
0x00007ffe75ee0000 - 0x00007ffe75f93000 	C:\WINDOWS\system32\shcore.dll
0x00007ffe757d0000 - 0x00007ffe7581a000 	C:\WINDOWS\system32\powrprof.dll
0x00007ffe757b0000 - 0x00007ffe757c3000 	C:\WINDOWS\system32\profapi.dll
0x00007ffe704e0000 - 0x00007ffe7066a000 	C:\WINDOWS\SYSTEM32\dbghelp.dll

VM Arguments:
jvm_args: -Xmx1024M -Dfile.encoding=windows-1253 -Duser.country=US -Duser.language=en -Duser.variant 
java_command: com.android.dx.command.Main --dex --num-threads=4 --output C:\Users\vfour_000\Documents\Dropbox\dissertation\checkin\Android API\app\build\intermediates\dex\debug C:\Users\vfour_000\Documents\Dropbox\dissertation\checkin\Android API\app\build\intermediates\classes\debug C:\Users\vfour_000\Documents\Dropbox\dissertation\checkin\Android API\app\build\intermediates\pre-dexed\debug\support-annotations-23.1.1-1b0938cd79c5e03174efe5f4b8c0a794e7b1bda3.jar C:\Users\vfour_000\Documents\Dropbox\dissertation\checkin\Android API\app\build\intermediates\pre-dexed\debug\classes-c73a2542e5e96522880487dd655d828cd1a6fa16.jar C:\Users\vfour_000\Documents\Dropbox\dissertation\checkin\Android API\app\build\intermediates\pre-dexed\debug\internal_impl-22.2.0-c1b1c7948f488e1bb829fda46d47f365fd75266b.jar C:\Users\vfour_000\Documents\Dropbox\dissertation\checkin\Android API\app\build\intermediates\pre-dexed\debug\classes-d38591528d6bdc02db099f61b8716b92d6e931d8.jar C:\Users\vfour_000\Documents\Dropbox\dissertation\checkin\Android API\app\build\intermediates\pre-dexed\debug\classes-79a0e5bacf7e53948d4ececa280b39f5cfd1d162.jar C:\Users\vfour_000\Documents\Dropbox\dissertation\checkin\Android API\app\build\intermediates\pre-dexed\debug\classes-dc0e5440cf78511b3a6ad019ec96721e74e831ea.jar C:\Users\vfour_000\Documents\Dropbox\dissertation\checkin\Android API\app\build\intermediates\pre-dexed\debug\classes-8b7bc917ab79e1c27f7efb9f61092e4c42cc78f2.jar C:\Users\vfour_000\Documents\Dropbox\dissertation\checkin\Android API\app\build\intermediates\pre-dexed\debug\classes-ef175bfec786c4d3bff8249b92d5fc449b55717f.jar C:\Users\vfour_000\Documents\Dropbox\dissertation\checkin\Android API\app\build\intermediates\pre-dexed\debug\classes-128f032e5f8e0164285f7ae0545197aa57e677d5.jar C:\Users\vfour_000\Documents\Dropbox\dissertation\checkin\Android API\app\build\intermediates\pre-dexed\debug\classes-a107e8ac904f954d3988212d82039e6307652c74.jar C:\Users\vfour_000\Documents\Dropbox\dissertation\c
java_class_path (initial): C:\Users\vfour_000\AppData\Local\Android\sdk\build-tools\23.0.2\lib\dx.jar
Launcher Type: SUN_STANDARD

Environment Variables:
PATH=C:\ProgramData\Oracle\Java\javapath;C:\Program Files (x86)\Intel\iCLS Client\;C:\Program Files\Intel\iCLS Client\;C:\Program Files\Dell\DW WLAN Card;C:\Windows\system32;C:\Windows;C:\Windows\System32\Wbem;C:\Windows\System32\WindowsPowerShell\v1.0\;c:\Program Files\WIDCOMM\Bluetooth Software\;c:\Program Files\WIDCOMM\Bluetooth Software\syswow64;C:\Program Files (x86)\Git\cmd;C:\Program Files\Microsoft SQL Server\110\Tools\Binn\;C:\Program Files\nodejs\;C:\Program Files (x86)\NVIDIA Corporation\PhysX\Common;C:\WINDOWS\system32;C:\WINDOWS;C:\WINDOWS\System32\Wbem;C:\WINDOWS\System32\WindowsPowerShell\v1.0\;C:\Program Files\Microsoft DNX\Dnvm\;C:\Program Files\Intel\Intel(R) Management Engine Components\DAL;C:\Program Files\Intel\Intel(R) Management Engine Components\IPT;C:\Program Files (x86)\QuickTime\QTSystem\;C:\Program Files\MongoDB\Server\3.0\bin;C:\Python27;C:\Program Files\Microsoft DNX\Dnvm\;C:\Program Files\Java\jdk1.8.0_45\bin;C:\Program Files (x86)\Skype\Phone\;C:\Ruby200-x64\bin;C:\Users\vfour_000\AppData\Local\atom\bin;C:\Users\vfour_000\AppData\Roaming\npm;C:\Users\vfour_000\OpenSSL\bin
USERNAME=vfour_000
OS=Windows_NT
PROCESSOR_IDENTIFIER=Intel64 Family 6 Model 61 Stepping 4, GenuineIntel



---------------  S Y S T E M  ---------------

OS: Windows 10.0 , 64 bit Build 10240 (10.0.10240.16384)

CPU:total 4 (2 cores per cpu, 2 threads per core) family 6 model 61 stepping 4, cmov, cx8, fxsr, mmx, sse, sse2, sse3, ssse3, sse4.1, sse4.2, popcnt, avx, avx2, aes, clmul, erms, 3dnowpref, lzcnt, ht, tsc, tscinvbit, bmi1, bmi2, adx

Memory: 4k page, physical 8297980k(313656k free), swap 9346556k(4860k free)

vm_info: Java HotSpot(TM) 64-Bit Server VM (25.45-b02) for windows-amd64 JRE (1.8.0_45-b15), built on Apr 30 2015 12:40:44 by "java_re" with MS VC++ 10.0 (VS2010)

time: Sun Feb 14 12:01:15 2016
elapsed time: 4 seconds (0d 0h 0m 4s)

